<?xml version="1.0" encoding="UTF-8"?>
<!-- Generated by org.testng.reporters.JUnitReportReporter -->
<testsuite skipped="0" hostname="LAPTOP-6T7VP412" name="Home" tests="2" failures="0" timestamp="2022-07-10T19:31:09 IST" time="24.065" errors="0">
  <testcase name="VerifyHeader" time="0.088" classname="Home"/>
  <system-out/>
  <testcase name="VerifyBanner" time="23.977" classname="Home"/>
  <system-out/>
</testsuite> <!-- Home -->
